<?xml version="1.0" encoding="UTF-8"?>
<!-- Generated by org.testng.reporters.JUnitXMLReporter -->
<testsuite hostname="SANJEEV-PC" ignored="0" name="Test" tests="23" failures="4" timestamp="2020-06-05T00:06:32 IST" time="16.279" errors="0">
  <testcase name="b" time="4.962" classname="com.api.testcases.tc1_get"/>
  <testcase name="b" time="1.513" classname="com.api.testcases.tc1_get"/>
  <testcase name="f" time="0.0" classname="com.api.testcases.tc1_get"/>
  <testcase name="f" time="0.0" classname="com.api.testcases.tc1_get"/>
  <testcase name="b" time="0.952" classname="com.api.testcases.tc2_post"/>
  <testcase name="b" time="0.858" classname="com.api.testcases.tc2_post"/>
  <testcase name="b" time="0.889" classname="com.api.testcases.tc2_post"/>
  <testcase name="b" time="0.686" classname="com.api.testcases.tc2_post"/>
  <testcase name="g" time="0.0" classname="com.api.testcases.tc2_post"/>
  <testcase name="b" time="0.858" classname="com.api.testcases.tc3_put"/>
  <testcase name="b" time="0.905" classname="com.api.testcases.tc3_put"/>
  <testcase name="b" time="0.874" classname="com.api.testcases.tc3_put"/>
  <testcase name="b" time="0.718" classname="com.api.testcases.tc3_put"/>
  <testcase name="g" time="0.0" classname="com.api.testcases.tc3_put"/>
  <testcase name="f" time="0.0" classname="com.api.testcases.tc4_delete"/>
  <testcase name="b" time="0.562" classname="com.api.bdd.bdd_GET"/>
  <testcase name="b" time="0.483" classname="com.api.bdd.bdd_GET"/>
  <testcase name="f" time="0.047" classname="com.api.bdd.bdd_GET"/>
  <testcase name="f" time="0.0" classname="com.api.bdd.bdd_GET"/>
  <testcase name="b" time="0.031" classname="com.api.bdd.bdd_POST">
    <failure type="java.lang.IllegalStateException" message="Cannot serialize object because no JSON serializer found in classpath. Please put Jackson (Databind), Gson, Johnzon, or Yasson in the classpath.">
      <![CDATA[java.lang.IllegalStateException: Cannot serialize object because no JSON serializer found in classpath. Please put Jackson (Databind), Gson, Johnzon, or Yasson in the classpath.
at org.codehaus.groovy.runtime.callsite.ConstructorSite$ConstructorSiteNoUnwrapNoCoerce.callConstructor(ConstructorSite.java:105)
at org.codehaus.groovy.runtime.callsite.CallSiteArray.defaultCallConstructor(CallSiteArray.java:59)
at org.codehaus.groovy.runtime.callsite.AbstractCallSite.callConstructor(AbstractCallSite.java:263)
at org.codehaus.groovy.runtime.callsite.AbstractCallSite.callConstructor(AbstractCallSite.java:277)
at io.restassured.internal.mapping.ObjectMapping.serialize(ObjectMapping.groovy:160)
at io.restassured.internal.mapping.ObjectMapping$serialize.call(Unknown Source)
at org.codehaus.groovy.runtime.callsite.CallSiteArray.defaultCall(CallSiteArray.java:47)
at org.codehaus.groovy.runtime.callsite.AbstractCallSite.call(AbstractCallSite.java:125)
at io.restassured.internal.RequestSpecificationImpl.body(RequestSpecificationImpl.groovy:751)
at com.api.bdd.bdd_POST.b(bdd_POST.java:35)
at java.util.ArrayList.forEach(Unknown Source)
... Removed 32 stack frames]]>
    </failure>
  </testcase> <!-- b -->
  <testcase name="b" time="0.016" classname="com.api.bdd.bdd_POST">
    <failure type="java.lang.IllegalStateException" message="Cannot serialize object because no JSON serializer found in classpath. Please put Jackson (Databind), Gson, Johnzon, or Yasson in the classpath.">
      <![CDATA[java.lang.IllegalStateException: Cannot serialize object because no JSON serializer found in classpath. Please put Jackson (Databind), Gson, Johnzon, or Yasson in the classpath.
at org.codehaus.groovy.runtime.callsite.ConstructorSite$ConstructorSiteNoUnwrapNoCoerce.callConstructor(ConstructorSite.java:105)
at org.codehaus.groovy.runtime.callsite.AbstractCallSite.callConstructor(AbstractCallSite.java:277)
at io.restassured.internal.mapping.ObjectMapping.serialize(ObjectMapping.groovy:160)
at io.restassured.internal.mapping.ObjectMapping$serialize.call(Unknown Source)
at io.restassured.internal.RequestSpecificationImpl.body(RequestSpecificationImpl.groovy:751)
at com.api.bdd.bdd_POST.b(bdd_POST.java:35)
at java.util.ArrayList.forEach(Unknown Source)
... Removed 32 stack frames]]>
    </failure>
  </testcase> <!-- b -->
  <testcase name="b" time="0.0" classname="com.api.bdd.bdd_POST">
    <failure type="java.lang.IllegalStateException" message="Cannot serialize object because no JSON serializer found in classpath. Please put Jackson (Databind), Gson, Johnzon, or Yasson in the classpath.">
      <![CDATA[java.lang.IllegalStateException: Cannot serialize object because no JSON serializer found in classpath. Please put Jackson (Databind), Gson, Johnzon, or Yasson in the classpath.
at org.codehaus.groovy.runtime.callsite.ConstructorSite$ConstructorSiteNoUnwrapNoCoerce.callConstructor(ConstructorSite.java:105)
at org.codehaus.groovy.runtime.callsite.AbstractCallSite.callConstructor(AbstractCallSite.java:277)
at io.restassured.internal.mapping.ObjectMapping.serialize(ObjectMapping.groovy:160)
at io.restassured.internal.mapping.ObjectMapping$serialize.call(Unknown Source)
at io.restassured.internal.RequestSpecificationImpl.body(RequestSpecificationImpl.groovy:751)
at com.api.bdd.bdd_POST.b(bdd_POST.java:35)
at java.util.ArrayList.forEach(Unknown Source)
... Removed 32 stack frames]]>
    </failure>
  </testcase> <!-- b -->
  <testcase name="b" time="0.015" classname="com.api.bdd.bdd_POST">
    <failure type="java.lang.IllegalStateException" message="Cannot serialize object because no JSON serializer found in classpath. Please put Jackson (Databind), Gson, Johnzon, or Yasson in the classpath.">
      <![CDATA[java.lang.IllegalStateException: Cannot serialize object because no JSON serializer found in classpath. Please put Jackson (Databind), Gson, Johnzon, or Yasson in the classpath.
at org.codehaus.groovy.runtime.callsite.ConstructorSite$ConstructorSiteNoUnwrapNoCoerce.callConstructor(ConstructorSite.java:105)
at org.codehaus.groovy.runtime.callsite.AbstractCallSite.callConstructor(AbstractCallSite.java:277)
at io.restassured.internal.mapping.ObjectMapping.serialize(ObjectMapping.groovy:160)
at io.restassured.internal.mapping.ObjectMapping$serialize.call(Unknown Source)
at io.restassured.internal.RequestSpecificationImpl.body(RequestSpecificationImpl.groovy:751)
at com.api.bdd.bdd_POST.b(bdd_POST.java:35)
at java.util.ArrayList.forEach(Unknown Source)
... Removed 32 stack frames]]>
    </failure>
  </testcase> <!-- b -->
</testsuite> <!-- Test -->
