<?xml version="1.0" encoding="UTF-8"?>
<testng-results skipped="0" failed="4" ignored="0" total="23" passed="19">
  <reporter-output>
  </reporter-output>
  <suite name="Suite" duration-ms="16279" started-at="2020-06-05T00:06:15 IST" finished-at="2020-06-05T00:06:32 IST">
    <groups>
    </groups>
    <test name="Test" duration-ms="16279" started-at="2020-06-05T00:06:15 IST" finished-at="2020-06-05T00:06:32 IST">
      <class name="com.api.bdd.bdd_POST">
        <test-method status="FAIL" signature="b(java.lang.String, java.lang.String, java.lang.String, java.lang.String, java.lang.String)[pri:0, instance:com.api.bdd.bdd_POST@26aa12dd]" name="b" duration-ms="31" started-at="2020-06-05T00:06:31 IST" data-provider="put" finished-at="2020-06-05T00:06:31 IST">
          <params>
            <param index="0">
              <value>
                <![CDATA[https://reqres.in/api]]>
              </value>
            </param>
            <param index="1">
              <value>
                <![CDATA[/users]]>
              </value>
            </param>
            <param index="2">
              <value>
                <![CDATA[7]]>
              </value>
            </param>
            <param index="3">
              <value>
                <![CDATA[vikas@gmail.com]]>
              </value>
            </param>
            <param index="4">
              <value>
                <![CDATA[vikas]]>
              </value>
            </param>
          </params>
          <exception class="java.lang.IllegalStateException">
            <message>
              <![CDATA[Cannot serialize object because no JSON serializer found in classpath. Please put Jackson (Databind), Gson, Johnzon, or Yasson in the classpath.]]>
            </message>
            <full-stacktrace>
              <![CDATA[java.lang.IllegalStateException: Cannot serialize object because no JSON serializer found in classpath. Please put Jackson (Databind), Gson, Johnzon, or Yasson in the classpath.
at sun.reflect.NativeConstructorAccessorImpl.newInstance0(Native Method)
at sun.reflect.NativeConstructorAccessorImpl.newInstance(Unknown Source)
at sun.reflect.DelegatingConstructorAccessorImpl.newInstance(Unknown Source)
at java.lang.reflect.Constructor.newInstance(Unknown Source)
at org.codehaus.groovy.reflection.CachedConstructor.invoke(CachedConstructor.java:72)
at org.codehaus.groovy.runtime.callsite.ConstructorSite$ConstructorSiteNoUnwrapNoCoerce.callConstructor(ConstructorSite.java:105)
at org.codehaus.groovy.runtime.callsite.CallSiteArray.defaultCallConstructor(CallSiteArray.java:59)
at org.codehaus.groovy.runtime.callsite.AbstractCallSite.callConstructor(AbstractCallSite.java:263)
at org.codehaus.groovy.runtime.callsite.AbstractCallSite.callConstructor(AbstractCallSite.java:277)
at io.restassured.internal.mapping.ObjectMapping.serialize(ObjectMapping.groovy:160)
at io.restassured.internal.mapping.ObjectMapping$serialize.call(Unknown Source)
at org.codehaus.groovy.runtime.callsite.CallSiteArray.defaultCall(CallSiteArray.java:47)
at org.codehaus.groovy.runtime.callsite.AbstractCallSite.call(AbstractCallSite.java:125)
at io.restassured.internal.RequestSpecificationImpl.body(RequestSpecificationImpl.groovy:751)
at com.api.bdd.bdd_POST.b(bdd_POST.java:35)
at sun.reflect.NativeMethodAccessorImpl.invoke0(Native Method)
at sun.reflect.NativeMethodAccessorImpl.invoke(Unknown Source)
at sun.reflect.DelegatingMethodAccessorImpl.invoke(Unknown Source)
at java.lang.reflect.Method.invoke(Unknown Source)
at org.testng.internal.MethodInvocationHelper.invokeMethod(MethodInvocationHelper.java:133)
at org.testng.internal.TestInvoker.invokeMethod(TestInvoker.java:584)
at org.testng.internal.TestInvoker.invokeTestMethod(TestInvoker.java:172)
at org.testng.internal.MethodRunner.runInSequence(MethodRunner.java:46)
at org.testng.internal.TestInvoker$MethodInvocationAgent.invoke(TestInvoker.java:804)
at org.testng.internal.TestInvoker.invokeTestMethods(TestInvoker.java:145)
at org.testng.internal.TestMethodWorker.invokeTestMethods(TestMethodWorker.java:146)
at org.testng.internal.TestMethodWorker.run(TestMethodWorker.java:128)
at java.util.ArrayList.forEach(Unknown Source)
at org.testng.TestRunner.privateRun(TestRunner.java:770)
at org.testng.TestRunner.run(TestRunner.java:591)
at org.testng.SuiteRunner.runTest(SuiteRunner.java:402)
at org.testng.SuiteRunner.runSequentially(SuiteRunner.java:396)
at org.testng.SuiteRunner.privateRun(SuiteRunner.java:355)
at org.testng.SuiteRunner.run(SuiteRunner.java:304)
at org.testng.SuiteRunnerWorker.runSuite(SuiteRunnerWorker.java:53)
at org.testng.SuiteRunnerWorker.run(SuiteRunnerWorker.java:96)
at org.testng.TestNG.runSuitesSequentially(TestNG.java:1180)
at org.testng.TestNG.runSuitesLocally(TestNG.java:1102)
at org.testng.TestNG.runSuites(TestNG.java:1032)
at org.testng.TestNG.run(TestNG.java:1000)
at org.testng.remote.AbstractRemoteTestNG.run(AbstractRemoteTestNG.java:115)
at org.testng.remote.RemoteTestNG.initAndRun(RemoteTestNG.java:251)
at org.testng.remote.RemoteTestNG.main(RemoteTestNG.java:77)
]]>
            </full-stacktrace>
          </exception> <!-- java.lang.IllegalStateException -->
          <reporter-output>
          </reporter-output>
        </test-method> <!-- b -->
        <test-method status="FAIL" signature="b(java.lang.String, java.lang.String, java.lang.String, java.lang.String, java.lang.String)[pri:0, instance:com.api.bdd.bdd_POST@26aa12dd]" name="b" duration-ms="16" started-at="2020-06-05T00:06:31 IST" data-provider="put" finished-at="2020-06-05T00:06:32 IST">
          <params>
            <param index="0">
              <value>
                <![CDATA[https://reqres.in/api]]>
              </value>
            </param>
            <param index="1">
              <value>
                <![CDATA[/users]]>
              </value>
            </param>
            <param index="2">
              <value>
                <![CDATA[8]]>
              </value>
            </param>
            <param index="3">
              <value>
                <![CDATA[sanjeev@gmail.com]]>
              </value>
            </param>
            <param index="4">
              <value>
                <![CDATA[sanjeev]]>
              </value>
            </param>
          </params>
          <exception class="java.lang.IllegalStateException">
            <message>
              <![CDATA[Cannot serialize object because no JSON serializer found in classpath. Please put Jackson (Databind), Gson, Johnzon, or Yasson in the classpath.]]>
            </message>
            <full-stacktrace>
              <![CDATA[java.lang.IllegalStateException: Cannot serialize object because no JSON serializer found in classpath. Please put Jackson (Databind), Gson, Johnzon, or Yasson in the classpath.
at sun.reflect.NativeConstructorAccessorImpl.newInstance0(Native Method)
at sun.reflect.NativeConstructorAccessorImpl.newInstance(Unknown Source)
at sun.reflect.DelegatingConstructorAccessorImpl.newInstance(Unknown Source)
at java.lang.reflect.Constructor.newInstance(Unknown Source)
at org.codehaus.groovy.reflection.CachedConstructor.invoke(CachedConstructor.java:72)
at org.codehaus.groovy.runtime.callsite.ConstructorSite$ConstructorSiteNoUnwrapNoCoerce.callConstructor(ConstructorSite.java:105)
at org.codehaus.groovy.runtime.callsite.AbstractCallSite.callConstructor(AbstractCallSite.java:277)
at io.restassured.internal.mapping.ObjectMapping.serialize(ObjectMapping.groovy:160)
at io.restassured.internal.mapping.ObjectMapping$serialize.call(Unknown Source)
at io.restassured.internal.RequestSpecificationImpl.body(RequestSpecificationImpl.groovy:751)
at com.api.bdd.bdd_POST.b(bdd_POST.java:35)
at sun.reflect.NativeMethodAccessorImpl.invoke0(Native Method)
at sun.reflect.NativeMethodAccessorImpl.invoke(Unknown Source)
at sun.reflect.DelegatingMethodAccessorImpl.invoke(Unknown Source)
at java.lang.reflect.Method.invoke(Unknown Source)
at org.testng.internal.MethodInvocationHelper.invokeMethod(MethodInvocationHelper.java:133)
at org.testng.internal.TestInvoker.invokeMethod(TestInvoker.java:584)
at org.testng.internal.TestInvoker.invokeTestMethod(TestInvoker.java:172)
at org.testng.internal.MethodRunner.runInSequence(MethodRunner.java:46)
at org.testng.internal.TestInvoker$MethodInvocationAgent.invoke(TestInvoker.java:804)
at org.testng.internal.TestInvoker.invokeTestMethods(TestInvoker.java:145)
at org.testng.internal.TestMethodWorker.invokeTestMethods(TestMethodWorker.java:146)
at org.testng.internal.TestMethodWorker.run(TestMethodWorker.java:128)
at java.util.ArrayList.forEach(Unknown Source)
at org.testng.TestRunner.privateRun(TestRunner.java:770)
at org.testng.TestRunner.run(TestRunner.java:591)
at org.testng.SuiteRunner.runTest(SuiteRunner.java:402)
at org.testng.SuiteRunner.runSequentially(SuiteRunner.java:396)
at org.testng.SuiteRunner.privateRun(SuiteRunner.java:355)
at org.testng.SuiteRunner.run(SuiteRunner.java:304)
at org.testng.SuiteRunnerWorker.runSuite(SuiteRunnerWorker.java:53)
at org.testng.SuiteRunnerWorker.run(SuiteRunnerWorker.java:96)
at org.testng.TestNG.runSuitesSequentially(TestNG.java:1180)
at org.testng.TestNG.runSuitesLocally(TestNG.java:1102)
at org.testng.TestNG.runSuites(TestNG.java:1032)
at org.testng.TestNG.run(TestNG.java:1000)
at org.testng.remote.AbstractRemoteTestNG.run(AbstractRemoteTestNG.java:115)
at org.testng.remote.RemoteTestNG.initAndRun(RemoteTestNG.java:251)
at org.testng.remote.RemoteTestNG.main(RemoteTestNG.java:77)
]]>
            </full-stacktrace>
          </exception> <!-- java.lang.IllegalStateException -->
          <reporter-output>
          </reporter-output>
        </test-method> <!-- b -->
        <test-method status="FAIL" signature="b(java.lang.String, java.lang.String, java.lang.String, java.lang.String, java.lang.String)[pri:0, instance:com.api.bdd.bdd_POST@26aa12dd]" name="b" duration-ms="15" started-at="2020-06-05T00:06:32 IST" data-provider="put" finished-at="2020-06-05T00:06:32 IST">
          <params>
            <param index="0">
              <value>
                <![CDATA[https://reqres.in/api]]>
              </value>
            </param>
            <param index="1">
              <value>
                <![CDATA[/users]]>
              </value>
            </param>
            <param index="2">
              <value>
                <![CDATA[10]]>
              </value>
            </param>
            <param index="3">
              <value>
                <![CDATA[rathaiah@gmail.com]]>
              </value>
            </param>
            <param index="4">
              <value>
                <![CDATA[rathaiah]]>
              </value>
            </param>
          </params>
          <exception class="java.lang.IllegalStateException">
            <message>
              <![CDATA[Cannot serialize object because no JSON serializer found in classpath. Please put Jackson (Databind), Gson, Johnzon, or Yasson in the classpath.]]>
            </message>
            <full-stacktrace>
              <![CDATA[java.lang.IllegalStateException: Cannot serialize object because no JSON serializer found in classpath. Please put Jackson (Databind), Gson, Johnzon, or Yasson in the classpath.
at sun.reflect.NativeConstructorAccessorImpl.newInstance0(Native Method)
at sun.reflect.NativeConstructorAccessorImpl.newInstance(Unknown Source)
at sun.reflect.DelegatingConstructorAccessorImpl.newInstance(Unknown Source)
at java.lang.reflect.Constructor.newInstance(Unknown Source)
at org.codehaus.groovy.reflection.CachedConstructor.invoke(CachedConstructor.java:72)
at org.codehaus.groovy.runtime.callsite.ConstructorSite$ConstructorSiteNoUnwrapNoCoerce.callConstructor(ConstructorSite.java:105)
at org.codehaus.groovy.runtime.callsite.AbstractCallSite.callConstructor(AbstractCallSite.java:277)
at io.restassured.internal.mapping.ObjectMapping.serialize(ObjectMapping.groovy:160)
at io.restassured.internal.mapping.ObjectMapping$serialize.call(Unknown Source)
at io.restassured.internal.RequestSpecificationImpl.body(RequestSpecificationImpl.groovy:751)
at com.api.bdd.bdd_POST.b(bdd_POST.java:35)
at sun.reflect.NativeMethodAccessorImpl.invoke0(Native Method)
at sun.reflect.NativeMethodAccessorImpl.invoke(Unknown Source)
at sun.reflect.DelegatingMethodAccessorImpl.invoke(Unknown Source)
at java.lang.reflect.Method.invoke(Unknown Source)
at org.testng.internal.MethodInvocationHelper.invokeMethod(MethodInvocationHelper.java:133)
at org.testng.internal.TestInvoker.invokeMethod(TestInvoker.java:584)
at org.testng.internal.TestInvoker.invokeTestMethod(TestInvoker.java:172)
at org.testng.internal.MethodRunner.runInSequence(MethodRunner.java:46)
at org.testng.internal.TestInvoker$MethodInvocationAgent.invoke(TestInvoker.java:804)
at org.testng.internal.TestInvoker.invokeTestMethods(TestInvoker.java:145)
at org.testng.internal.TestMethodWorker.invokeTestMethods(TestMethodWorker.java:146)
at org.testng.internal.TestMethodWorker.run(TestMethodWorker.java:128)
at java.util.ArrayList.forEach(Unknown Source)
at org.testng.TestRunner.privateRun(TestRunner.java:770)
at org.testng.TestRunner.run(TestRunner.java:591)
at org.testng.SuiteRunner.runTest(SuiteRunner.java:402)
at org.testng.SuiteRunner.runSequentially(SuiteRunner.java:396)
at org.testng.SuiteRunner.privateRun(SuiteRunner.java:355)
at org.testng.SuiteRunner.run(SuiteRunner.java:304)
at org.testng.SuiteRunnerWorker.runSuite(SuiteRunnerWorker.java:53)
at org.testng.SuiteRunnerWorker.run(SuiteRunnerWorker.java:96)
at org.testng.TestNG.runSuitesSequentially(TestNG.java:1180)
at org.testng.TestNG.runSuitesLocally(TestNG.java:1102)
at org.testng.TestNG.runSuites(TestNG.java:1032)
at org.testng.TestNG.run(TestNG.java:1000)
at org.testng.remote.AbstractRemoteTestNG.run(AbstractRemoteTestNG.java:115)
at org.testng.remote.RemoteTestNG.initAndRun(RemoteTestNG.java:251)
at org.testng.remote.RemoteTestNG.main(RemoteTestNG.java:77)
]]>
            </full-stacktrace>
          </exception> <!-- java.lang.IllegalStateException -->
          <reporter-output>
          </reporter-output>
        </test-method> <!-- b -->
        <test-method status="FAIL" signature="b(java.lang.String, java.lang.String, java.lang.String, java.lang.String, java.lang.String)[pri:0, instance:com.api.bdd.bdd_POST@26aa12dd]" name="b" duration-ms="0" started-at="2020-06-05T00:06:32 IST" data-provider="put" finished-at="2020-06-05T00:06:32 IST">
          <params>
            <param index="0">
              <value>
                <![CDATA[https://reqres.in/api]]>
              </value>
            </param>
            <param index="1">
              <value>
                <![CDATA[/users]]>
              </value>
            </param>
            <param index="2">
              <value>
                <![CDATA[9]]>
              </value>
            </param>
            <param index="3">
              <value>
                <![CDATA[ravi@gmail.com]]>
              </value>
            </param>
            <param index="4">
              <value>
                <![CDATA[ravi]]>
              </value>
            </param>
          </params>
          <exception class="java.lang.IllegalStateException">
            <message>
              <![CDATA[Cannot serialize object because no JSON serializer found in classpath. Please put Jackson (Databind), Gson, Johnzon, or Yasson in the classpath.]]>
            </message>
            <full-stacktrace>
              <![CDATA[java.lang.IllegalStateException: Cannot serialize object because no JSON serializer found in classpath. Please put Jackson (Databind), Gson, Johnzon, or Yasson in the classpath.
at sun.reflect.NativeConstructorAccessorImpl.newInstance0(Native Method)
at sun.reflect.NativeConstructorAccessorImpl.newInstance(Unknown Source)
at sun.reflect.DelegatingConstructorAccessorImpl.newInstance(Unknown Source)
at java.lang.reflect.Constructor.newInstance(Unknown Source)
at org.codehaus.groovy.reflection.CachedConstructor.invoke(CachedConstructor.java:72)
at org.codehaus.groovy.runtime.callsite.ConstructorSite$ConstructorSiteNoUnwrapNoCoerce.callConstructor(ConstructorSite.java:105)
at org.codehaus.groovy.runtime.callsite.AbstractCallSite.callConstructor(AbstractCallSite.java:277)
at io.restassured.internal.mapping.ObjectMapping.serialize(ObjectMapping.groovy:160)
at io.restassured.internal.mapping.ObjectMapping$serialize.call(Unknown Source)
at io.restassured.internal.RequestSpecificationImpl.body(RequestSpecificationImpl.groovy:751)
at com.api.bdd.bdd_POST.b(bdd_POST.java:35)
at sun.reflect.NativeMethodAccessorImpl.invoke0(Native Method)
at sun.reflect.NativeMethodAccessorImpl.invoke(Unknown Source)
at sun.reflect.DelegatingMethodAccessorImpl.invoke(Unknown Source)
at java.lang.reflect.Method.invoke(Unknown Source)
at org.testng.internal.MethodInvocationHelper.invokeMethod(MethodInvocationHelper.java:133)
at org.testng.internal.TestInvoker.invokeMethod(TestInvoker.java:584)
at org.testng.internal.TestInvoker.invokeTestMethod(TestInvoker.java:172)
at org.testng.internal.MethodRunner.runInSequence(MethodRunner.java:46)
at org.testng.internal.TestInvoker$MethodInvocationAgent.invoke(TestInvoker.java:804)
at org.testng.internal.TestInvoker.invokeTestMethods(TestInvoker.java:145)
at org.testng.internal.TestMethodWorker.invokeTestMethods(TestMethodWorker.java:146)
at org.testng.internal.TestMethodWorker.run(TestMethodWorker.java:128)
at java.util.ArrayList.forEach(Unknown Source)
at org.testng.TestRunner.privateRun(TestRunner.java:770)
at org.testng.TestRunner.run(TestRunner.java:591)
at org.testng.SuiteRunner.runTest(SuiteRunner.java:402)
at org.testng.SuiteRunner.runSequentially(SuiteRunner.java:396)
at org.testng.SuiteRunner.privateRun(SuiteRunner.java:355)
at org.testng.SuiteRunner.run(SuiteRunner.java:304)
at org.testng.SuiteRunnerWorker.runSuite(SuiteRunnerWorker.java:53)
at org.testng.SuiteRunnerWorker.run(SuiteRunnerWorker.java:96)
at org.testng.TestNG.runSuitesSequentially(TestNG.java:1180)
at org.testng.TestNG.runSuitesLocally(TestNG.java:1102)
at org.testng.TestNG.runSuites(TestNG.java:1032)
at org.testng.TestNG.run(TestNG.java:1000)
at org.testng.remote.AbstractRemoteTestNG.run(AbstractRemoteTestNG.java:115)
at org.testng.remote.RemoteTestNG.initAndRun(RemoteTestNG.java:251)
at org.testng.remote.RemoteTestNG.main(RemoteTestNG.java:77)
]]>
            </full-stacktrace>
          </exception> <!-- java.lang.IllegalStateException -->
          <reporter-output>
          </reporter-output>
        </test-method> <!-- b -->
      </class> <!-- com.api.bdd.bdd_POST -->
      <class name="com.api.testcases.tc3_put">
        <test-method status="PASS" signature="setUp()[pri:0, instance:com.api.testcases.tc3_put@694e1548]" name="setUp" is-config="true" duration-ms="0" started-at="2020-06-05T00:06:27 IST" finished-at="2020-06-05T00:06:27 IST">
          <reporter-output>
          </reporter-output>
        </test-method> <!-- setUp -->
        <test-method status="PASS" signature="b(java.lang.String, java.lang.String, java.lang.String, java.lang.String, java.lang.String)[pri:0, instance:com.api.testcases.tc3_put@694e1548]" name="b" duration-ms="858" started-at="2020-06-05T00:06:27 IST" data-provider="put" finished-at="2020-06-05T00:06:28 IST">
          <params>
            <param index="0">
              <value>
                <![CDATA[https://reqres.in/api]]>
              </value>
            </param>
            <param index="1">
              <value>
                <![CDATA[/users]]>
              </value>
            </param>
            <param index="2">
              <value>
                <![CDATA[7]]>
              </value>
            </param>
            <param index="3">
              <value>
                <![CDATA[vikas@gmail.com]]>
              </value>
            </param>
            <param index="4">
              <value>
                <![CDATA[vikas]]>
              </value>
            </param>
          </params>
          <reporter-output>
          </reporter-output>
        </test-method> <!-- b -->
        <test-method status="PASS" signature="b(java.lang.String, java.lang.String, java.lang.String, java.lang.String, java.lang.String)[pri:0, instance:com.api.testcases.tc3_put@694e1548]" name="b" duration-ms="905" started-at="2020-06-05T00:06:28 IST" data-provider="put" finished-at="2020-06-05T00:06:28 IST">
          <params>
            <param index="0">
              <value>
                <![CDATA[https://reqres.in/api]]>
              </value>
            </param>
            <param index="1">
              <value>
                <![CDATA[/users]]>
              </value>
            </param>
            <param index="2">
              <value>
                <![CDATA[8]]>
              </value>
            </param>
            <param index="3">
              <value>
                <![CDATA[sanjeev@gmail.com]]>
              </value>
            </param>
            <param index="4">
              <value>
                <![CDATA[sanjeev]]>
              </value>
            </param>
          </params>
          <reporter-output>
          </reporter-output>
        </test-method> <!-- b -->
        <test-method status="PASS" signature="b(java.lang.String, java.lang.String, java.lang.String, java.lang.String, java.lang.String)[pri:0, instance:com.api.testcases.tc3_put@694e1548]" name="b" duration-ms="874" started-at="2020-06-05T00:06:28 IST" data-provider="put" finished-at="2020-06-05T00:06:29 IST">
          <params>
            <param index="0">
              <value>
                <![CDATA[https://reqres.in/api]]>
              </value>
            </param>
            <param index="1">
              <value>
                <![CDATA[/users]]>
              </value>
            </param>
            <param index="2">
              <value>
                <![CDATA[9]]>
              </value>
            </param>
            <param index="3">
              <value>
                <![CDATA[ravi@gmail.com]]>
              </value>
            </param>
            <param index="4">
              <value>
                <![CDATA[ravi]]>
              </value>
            </param>
          </params>
          <reporter-output>
          </reporter-output>
        </test-method> <!-- b -->
        <test-method status="PASS" signature="b(java.lang.String, java.lang.String, java.lang.String, java.lang.String, java.lang.String)[pri:0, instance:com.api.testcases.tc3_put@694e1548]" name="b" duration-ms="718" started-at="2020-06-05T00:06:29 IST" data-provider="put" finished-at="2020-06-05T00:06:30 IST">
          <params>
            <param index="0">
              <value>
                <![CDATA[https://reqres.in/api]]>
              </value>
            </param>
            <param index="1">
              <value>
                <![CDATA[/users]]>
              </value>
            </param>
            <param index="2">
              <value>
                <![CDATA[10]]>
              </value>
            </param>
            <param index="3">
              <value>
                <![CDATA[rathaiah@gmail.com]]>
              </value>
            </param>
            <param index="4">
              <value>
                <![CDATA[rathaiah]]>
              </value>
            </param>
          </params>
          <reporter-output>
          </reporter-output>
        </test-method> <!-- b -->
        <test-method status="PASS" signature="g()[pri:0, instance:com.api.testcases.tc3_put@694e1548]" name="g" duration-ms="0" started-at="2020-06-05T00:06:30 IST" finished-at="2020-06-05T00:06:30 IST">
          <reporter-output>
          </reporter-output>
        </test-method> <!-- g -->
      </class> <!-- com.api.testcases.tc3_put -->
      <class name="com.api.testcases.tc1_get">
        <test-method status="PASS" signature="b(java.lang.String, java.lang.String)[pri:0, instance:com.api.testcases.tc1_get@614ddd49]" name="b" duration-ms="4962" started-at="2020-06-05T00:06:17 IST" data-provider="input" finished-at="2020-06-05T00:06:21 IST">
          <params>
            <param index="0">
              <value>
                <![CDATA[https://reqres.in/api]]>
              </value>
            </param>
            <param index="1">
              <value>
                <![CDATA[/users]]>
              </value>
            </param>
          </params>
          <reporter-output>
          </reporter-output>
        </test-method> <!-- b -->
        <test-method status="PASS" signature="b(java.lang.String, java.lang.String)[pri:0, instance:com.api.testcases.tc1_get@614ddd49]" name="b" duration-ms="1513" started-at="2020-06-05T00:06:21 IST" data-provider="input" finished-at="2020-06-05T00:06:23 IST">
          <params>
            <param index="0">
              <value>
                <![CDATA[https://reqres.in/api]]>
              </value>
            </param>
            <param index="1">
              <value>
                <![CDATA[/users]]>
              </value>
            </param>
          </params>
          <reporter-output>
          </reporter-output>
        </test-method> <!-- b -->
        <test-method status="PASS" signature="f(java.lang.String, java.lang.String)[pri:0, instance:com.api.testcases.tc1_get@614ddd49]" name="f" duration-ms="0" started-at="2020-06-05T00:06:23 IST" data-provider="output" finished-at="2020-06-05T00:06:23 IST">
          <params>
            <param index="0">
              <value>
                <![CDATA[200]]>
              </value>
            </param>
            <param index="1">
              <value>
                <![CDATA[HTTP/1.1 200 OK]]>
              </value>
            </param>
          </params>
          <reporter-output>
          </reporter-output>
        </test-method> <!-- f -->
        <test-method status="PASS" signature="f(java.lang.String, java.lang.String)[pri:0, instance:com.api.testcases.tc1_get@614ddd49]" name="f" duration-ms="0" started-at="2020-06-05T00:06:23 IST" data-provider="output" finished-at="2020-06-05T00:06:23 IST">
          <params>
            <param index="0">
              <value>
                <![CDATA[201]]>
              </value>
            </param>
            <param index="1">
              <value>
                <![CDATA[HTTP/1.1 200 OK]]>
              </value>
            </param>
          </params>
          <reporter-output>
          </reporter-output>
        </test-method> <!-- f -->
      </class> <!-- com.api.testcases.tc1_get -->
      <class name="com.api.testcases.tc4_delete">
        <test-method status="PASS" signature="f()[pri:0, instance:com.api.testcases.tc4_delete@1c3a4799]" name="f" duration-ms="0" started-at="2020-06-05T00:06:30 IST" finished-at="2020-06-05T00:06:30 IST">
          <reporter-output>
          </reporter-output>
        </test-method> <!-- f -->
      </class> <!-- com.api.testcases.tc4_delete -->
      <class name="com.api.bdd.bdd_GET">
        <test-method status="PASS" signature="b(java.lang.String, java.lang.String)[pri:0, instance:com.api.bdd.bdd_GET@131276c2]" name="b" duration-ms="562" started-at="2020-06-05T00:06:30 IST" data-provider="input" finished-at="2020-06-05T00:06:31 IST">
          <params>
            <param index="0">
              <value>
                <![CDATA[https://reqres.in/api]]>
              </value>
            </param>
            <param index="1">
              <value>
                <![CDATA[/users]]>
              </value>
            </param>
          </params>
          <reporter-output>
          </reporter-output>
        </test-method> <!-- b -->
        <test-method status="PASS" signature="b(java.lang.String, java.lang.String)[pri:0, instance:com.api.bdd.bdd_GET@131276c2]" name="b" duration-ms="483" started-at="2020-06-05T00:06:31 IST" data-provider="input" finished-at="2020-06-05T00:06:31 IST">
          <params>
            <param index="0">
              <value>
                <![CDATA[https://reqres.in/api]]>
              </value>
            </param>
            <param index="1">
              <value>
                <![CDATA[/users]]>
              </value>
            </param>
          </params>
          <reporter-output>
          </reporter-output>
        </test-method> <!-- b -->
        <test-method status="PASS" signature="f(java.lang.String, java.lang.String)[pri:0, instance:com.api.bdd.bdd_GET@131276c2]" name="f" duration-ms="47" started-at="2020-06-05T00:06:31 IST" data-provider="output" finished-at="2020-06-05T00:06:31 IST">
          <params>
            <param index="0">
              <value>
                <![CDATA[200]]>
              </value>
            </param>
            <param index="1">
              <value>
                <![CDATA[HTTP/1.1 200 OK]]>
              </value>
            </param>
          </params>
          <reporter-output>
          </reporter-output>
        </test-method> <!-- f -->
        <test-method status="PASS" signature="f(java.lang.String, java.lang.String)[pri:0, instance:com.api.bdd.bdd_GET@131276c2]" name="f" duration-ms="0" started-at="2020-06-05T00:06:31 IST" data-provider="output" finished-at="2020-06-05T00:06:31 IST">
          <params>
            <param index="0">
              <value>
                <![CDATA[201]]>
              </value>
            </param>
            <param index="1">
              <value>
                <![CDATA[HTTP/1.1 200 OK]]>
              </value>
            </param>
          </params>
          <reporter-output>
          </reporter-output>
        </test-method> <!-- f -->
      </class> <!-- com.api.bdd.bdd_GET -->
      <class name="com.api.testcases.tc2_post">
        <test-method status="PASS" signature="setUp()[pri:0, instance:com.api.testcases.tc2_post@1f554b06]" name="setUp" is-config="true" duration-ms="0" started-at="2020-06-05T00:06:23 IST" finished-at="2020-06-05T00:06:23 IST">
          <reporter-output>
          </reporter-output>
        </test-method> <!-- setUp -->
        <test-method status="PASS" signature="b(java.lang.String, java.lang.String, java.lang.String, java.lang.String, java.lang.String)[pri:0, instance:com.api.testcases.tc2_post@1f554b06]" name="b" duration-ms="952" started-at="2020-06-05T00:06:23 IST" data-provider="put" finished-at="2020-06-05T00:06:24 IST">
          <params>
            <param index="0">
              <value>
                <![CDATA[https://reqres.in/api]]>
              </value>
            </param>
            <param index="1">
              <value>
                <![CDATA[/users]]>
              </value>
            </param>
            <param index="2">
              <value>
                <![CDATA[7]]>
              </value>
            </param>
            <param index="3">
              <value>
                <![CDATA[vikas@gmail.com]]>
              </value>
            </param>
            <param index="4">
              <value>
                <![CDATA[vikas]]>
              </value>
            </param>
          </params>
          <reporter-output>
          </reporter-output>
        </test-method> <!-- b -->
        <test-method status="PASS" signature="b(java.lang.String, java.lang.String, java.lang.String, java.lang.String, java.lang.String)[pri:0, instance:com.api.testcases.tc2_post@1f554b06]" name="b" duration-ms="858" started-at="2020-06-05T00:06:24 IST" data-provider="put" finished-at="2020-06-05T00:06:25 IST">
          <params>
            <param index="0">
              <value>
                <![CDATA[https://reqres.in/api]]>
              </value>
            </param>
            <param index="1">
              <value>
                <![CDATA[/users]]>
              </value>
            </param>
            <param index="2">
              <value>
                <![CDATA[8]]>
              </value>
            </param>
            <param index="3">
              <value>
                <![CDATA[sanjeev@gmail.com]]>
              </value>
            </param>
            <param index="4">
              <value>
                <![CDATA[sanjeev]]>
              </value>
            </param>
          </params>
          <reporter-output>
          </reporter-output>
        </test-method> <!-- b -->
        <test-method status="PASS" signature="b(java.lang.String, java.lang.String, java.lang.String, java.lang.String, java.lang.String)[pri:0, instance:com.api.testcases.tc2_post@1f554b06]" name="b" duration-ms="889" started-at="2020-06-05T00:06:25 IST" data-provider="put" finished-at="2020-06-05T00:06:26 IST">
          <params>
            <param index="0">
              <value>
                <![CDATA[https://reqres.in/api]]>
              </value>
            </param>
            <param index="1">
              <value>
                <![CDATA[/users]]>
              </value>
            </param>
            <param index="2">
              <value>
                <![CDATA[9]]>
              </value>
            </param>
            <param index="3">
              <value>
                <![CDATA[ravi@gmail.com]]>
              </value>
            </param>
            <param index="4">
              <value>
                <![CDATA[ravi]]>
              </value>
            </param>
          </params>
          <reporter-output>
          </reporter-output>
        </test-method> <!-- b -->
        <test-method status="PASS" signature="b(java.lang.String, java.lang.String, java.lang.String, java.lang.String, java.lang.String)[pri:0, instance:com.api.testcases.tc2_post@1f554b06]" name="b" duration-ms="686" started-at="2020-06-05T00:06:26 IST" data-provider="put" finished-at="2020-06-05T00:06:27 IST">
          <params>
            <param index="0">
              <value>
                <![CDATA[https://reqres.in/api]]>
              </value>
            </param>
            <param index="1">
              <value>
                <![CDATA[/users]]>
              </value>
            </param>
            <param index="2">
              <value>
                <![CDATA[10]]>
              </value>
            </param>
            <param index="3">
              <value>
                <![CDATA[rathaiah@gmail.com]]>
              </value>
            </param>
            <param index="4">
              <value>
                <![CDATA[rathaiah]]>
              </value>
            </param>
          </params>
          <reporter-output>
          </reporter-output>
        </test-method> <!-- b -->
        <test-method status="PASS" signature="g()[pri:0, instance:com.api.testcases.tc2_post@1f554b06]" name="g" duration-ms="0" started-at="2020-06-05T00:06:27 IST" finished-at="2020-06-05T00:06:27 IST">
          <reporter-output>
          </reporter-output>
        </test-method> <!-- g -->
      </class> <!-- com.api.testcases.tc2_post -->
    </test> <!-- Test -->
  </suite> <!-- Suite -->
</testng-results>
