<?xml version="1.0" encoding="UTF-8"?>
<testng-results skipped="0" failed="0" ignored="0" total="4" passed="4">
  <reporter-output>
  </reporter-output>
  <suite name="Default suite" duration-ms="5451" started-at="2020-06-05T00:59:58 IST" finished-at="2020-06-05T01:00:04 IST">
    <groups>
    </groups>
    <test name="Default test" duration-ms="5451" started-at="2020-06-05T00:59:58 IST" finished-at="2020-06-05T01:00:04 IST">
      <class name="com.api.bdd.bdd_GET">
        <test-method status="PASS" signature="b(java.lang.String, java.lang.String)[pri:0, instance:com.api.bdd.bdd_GET@1efed156]" name="b" duration-ms="3827" started-at="2020-06-05T00:59:59 IST" data-provider="input" finished-at="2020-06-05T01:00:03 IST">
          <params>
            <param index="0">
              <value>
                <![CDATA[https://reqres.in/api]]>
              </value>
            </param>
            <param index="1">
              <value>
                <![CDATA[/users]]>
              </value>
            </param>
          </params>
          <reporter-output>
          </reporter-output>
        </test-method> <!-- b -->
        <test-method status="PASS" signature="b(java.lang.String, java.lang.String)[pri:0, instance:com.api.bdd.bdd_GET@1efed156]" name="b" duration-ms="496" started-at="2020-06-05T01:00:03 IST" data-provider="input" finished-at="2020-06-05T01:00:03 IST">
          <params>
            <param index="0">
              <value>
                <![CDATA[https://reqres.in/api]]>
              </value>
            </param>
            <param index="1">
              <value>
                <![CDATA[/users]]>
              </value>
            </param>
          </params>
          <reporter-output>
          </reporter-output>
        </test-method> <!-- b -->
        <test-method status="PASS" signature="f(java.lang.String, java.lang.String)[pri:0, instance:com.api.bdd.bdd_GET@1efed156]" name="f" duration-ms="35" started-at="2020-06-05T01:00:04 IST" data-provider="output" finished-at="2020-06-05T01:00:04 IST">
          <params>
            <param index="0">
              <value>
                <![CDATA[200]]>
              </value>
            </param>
            <param index="1">
              <value>
                <![CDATA[HTTP/1.1 200 OK]]>
              </value>
            </param>
          </params>
          <reporter-output>
          </reporter-output>
        </test-method> <!-- f -->
        <test-method status="PASS" signature="f(java.lang.String, java.lang.String)[pri:0, instance:com.api.bdd.bdd_GET@1efed156]" name="f" duration-ms="4" started-at="2020-06-05T01:00:04 IST" data-provider="output" finished-at="2020-06-05T01:00:04 IST">
          <params>
            <param index="0">
              <value>
                <![CDATA[201]]>
              </value>
            </param>
            <param index="1">
              <value>
                <![CDATA[HTTP/1.1 200 OK]]>
              </value>
            </param>
          </params>
          <reporter-output>
          </reporter-output>
        </test-method> <!-- f -->
      </class> <!-- com.api.bdd.bdd_GET -->
    </test> <!-- Default test -->
  </suite> <!-- Default suite -->
</testng-results>
