<?xml version="1.0" encoding="UTF-8"?>
<!-- Generated by org.testng.reporters.JUnitXMLReporter -->
<testsuite hostname="SANJEEV-PC" ignored="0" name="Default test" tests="4" failures="0" timestamp="2020-06-05T01:00:04 IST" time="5.451" errors="0">
  <testcase name="b" time="3.827" classname="com.api.bdd.bdd_GET"/>
  <testcase name="b" time="0.496" classname="com.api.bdd.bdd_GET"/>
  <testcase name="f" time="0.035" classname="com.api.bdd.bdd_GET"/>
  <testcase name="f" time="0.004" classname="com.api.bdd.bdd_GET"/>
</testsuite> <!-- Default test -->
