<?xml version="1.0" encoding="UTF-8"?>
<!-- Generated by org.testng.reporters.JUnitXMLReporter -->
<testsuite hostname="SANJEEV-PC" ignored="0" name="Default test" tests="4" failures="0" timestamp="2020-06-05T00:06:04 IST" time="7.38" errors="0">
  <testcase name="b" time="4.634" classname="com.api.testcases.tc1_get"/>
  <testcase name="b" time="1.669" classname="com.api.testcases.tc1_get"/>
  <testcase name="f" time="0.016" classname="com.api.testcases.tc1_get"/>
  <testcase name="f" time="0.0" classname="com.api.testcases.tc1_get"/>
</testsuite> <!-- Default test -->
